<?xml version="1.0" encoding="UTF-8"?>
<!-- Generated by org.testng.reporters.JUnitReportReporter -->
<testsuite hostname="hp" failures="0" tests="1" name="assignment.AssignP" time="5.399" errors="0" timestamp="2023-09-07T16:06:56 IST" skipped="0">
  <testcase classname="assignment.AssignP" name="con" time="5.399"/>
  <system-out/>
</testsuite> <!-- assignment.AssignP -->
