<?xml version="1.0" encoding="UTF-8"?>
<!-- Generated by org.testng.reporters.JUnitReportReporter -->
<testsuite hostname="hp" failures="0" tests="1" name="ResponseValidation.StaticResponseValidation" time="1.886" errors="0" timestamp="2023-08-07T13:08:42 IST" skipped="0">
  <testcase classname="ResponseValidation.StaticResponseValidation" name="singleProject" time="1.886"/>
  <system-out/>
</testsuite> <!-- ResponseValidation.StaticResponseValidation -->
