<?xml version="1.0" encoding="UTF-8"?>
<!-- Generated by org.testng.reporters.JUnitReportReporter -->
<testsuite hostname="hp" failures="0" tests="1" name="aaaaa.BrokenLinksAmazon" time="10.019" errors="0" timestamp="2023-09-25T12:43:37 IST" skipped="0">
  <testcase classname="aaaaa.BrokenLinksAmazon" name="asserttFgh" time="10.019"/>
  <system-out/>
</testsuite> <!-- aaaaa.BrokenLinksAmazon -->
