<?xml version="1.0" encoding="UTF-8"?>
<!-- Generated by org.testng.reporters.JUnitReportReporter -->
<testsuite hostname="hp" failures="0" tests="1" name="requestAndResponseSpecBuilder.CreateProjectRMG" time="0.010" errors="0" timestamp="2023-09-14T17:36:56 IST" skipped="0">
  <testcase classname="requestAndResponseSpecBuilder.CreateProjectRMG" name="amastrongNumber" time="0.010"/>
  <system-out/>
</testsuite> <!-- requestAndResponseSpecBuilder.CreateProjectRMG -->
