<?xml version="1.0" encoding="UTF-8"?>
<!-- Generated by org.testng.reporters.JUnitReportReporter -->
<testsuite hostname="hp" failures="0" tests="1" name="aaaaa.BrokenLinksAmazon" time="266.552" errors="0" timestamp="2023-08-28T16:08:42 IST" skipped="0">
  <testcase classname="aaaaa.BrokenLinksAmazon" name="mains" time="266.552"/>
  <system-out/>
</testsuite> <!-- aaaaa.BrokenLinksAmazon -->
