<?xml version="1.0" encoding="UTF-8"?>
<!-- Generated by org.testng.reporters.JUnitReportReporter -->
<testsuite hostname="hp" failures="0" tests="1" name="crudWithBDDReqers.CrudProjectReqres" time="2.663" errors="0" timestamp="2023-08-12T18:12:01 IST" skipped="0">
  <testcase classname="crudWithBDDReqers.CrudProjectReqres" name="createUsingMap" time="2.663"/>
  <system-out/>
</testsuite> <!-- crudWithBDDReqers.CrudProjectReqres -->
