<?xml version="1.0" encoding="UTF-8"?>
<!-- Generated by org.testng.reporters.JUnitReportReporter -->
<testsuite hostname="hp" failures="0" tests="1" name="DifferentWaysToPostRequestInReqres.ResPonseValidationInReqres" time="3.792" errors="0" timestamp="2023-08-07T15:48:02 IST" skipped="0">
  <testcase classname="DifferentWaysToPostRequestInReqres.ResPonseValidationInReqres" name="staticResponseValidation" time="3.792"/>
  <system-out/>
</testsuite> <!-- DifferentWaysToPostRequestInReqres.ResPonseValidationInReqres -->
