<?xml version="1.0" encoding="UTF-8"?>
<!-- Generated by org.testng.reporters.JUnitReportReporter -->
<testsuite hostname="hp" failures="0" tests="1" name="crudWithoutBDDRMGYANTRA.RmgYantra" time="1.894" errors="0" timestamp="2023-08-07T12:12:36 IST" skipped="0">
  <testcase classname="crudWithoutBDDRMGYANTRA.RmgYantra" name="getSingleProject" time="1.894"/>
  <system-out/>
</testsuite> <!-- crudWithoutBDDRMGYANTRA.RmgYantra -->
