<?xml version="1.0" encoding="UTF-8"?>
<!-- Generated by org.testng.reporters.JUnitReportReporter -->
<testsuite hostname="hp" failures="0" tests="1" name="crudWithoutBDDReqres.CreateProject" time="3.183" errors="0" timestamp="2023-08-04T11:14:47 IST" skipped="0">
  <testcase classname="crudWithoutBDDReqres.CreateProject" name="updateProject" time="3.183"/>
  <system-out/>
</testsuite> <!-- crudWithoutBDDReqres.CreateProject -->
