<?xml version="1.0" encoding="UTF-8"?>
<!-- Generated by org.testng.reporters.JUnitReportReporter -->
<testsuite hostname="hp" failures="0" tests="1" name="crudWithoutBDDReqres.CreateProject" time="1.932" errors="0" timestamp="2023-09-25T22:17:01 IST" skipped="0">
  <testcase classname="crudWithoutBDDReqres.CreateProject" name="getProect" time="1.932"/>
  <system-out/>
</testsuite> <!-- crudWithoutBDDReqres.CreateProject -->
