<?xml version="1.0" encoding="UTF-8"?>
<!-- Generated by org.testng.reporters.JUnitReportReporter -->
<testsuite hostname="hp" failures="0" tests="1" name="InterViewQuestion.ToCheckWheatherTheResponseBodyIsJsonObjectTest" time="1.862" errors="0" timestamp="2023-08-21T12:00:37 IST" skipped="0">
  <testcase classname="InterViewQuestion.ToCheckWheatherTheResponseBodyIsJsonObjectTest" name="method2" time="1.862"/>
  <system-out/>
</testsuite> <!-- InterViewQuestion.ToCheckWheatherTheResponseBodyIsJsonObjectTest -->
