<?xml version="1.0" encoding="UTF-8"?>
<!-- Generated by org.testng.reporters.JUnitReportReporter -->
<testsuite hostname="hp" failures="0" tests="1" name="serializationAndDeserialization.Serialization" time="0.267" errors="0" timestamp="2023-08-10T16:01:02 IST" skipped="0">
  <testcase classname="serializationAndDeserialization.Serialization" name="arrayObject" time="0.267"/>
  <system-out/>
</testsuite> <!-- serializationAndDeserialization.Serialization -->
