<?xml version="1.0" encoding="UTF-8"?>
<!-- Generated by org.testng.reporters.JUnitReportReporter -->
<testsuite hostname="hp" failures="0" tests="1" name="aaaaa.Test3" time="5.244" errors="0" timestamp="2023-08-21T09:42:44 IST" skipped="0">
  <testcase classname="aaaaa.Test3" name="chrome" time="5.244"/>
  <system-out/>
</testsuite> <!-- aaaaa.Test3 -->
