<?xml version="1.0" encoding="UTF-8"?>
<!-- Generated by org.testng.reporters.JUnitReportReporter -->
<testsuite hostname="hp" failures="0" tests="100" name="dataProvider.FetchDataFromDataProvider" time="0.129" errors="0" timestamp="2023-09-09T09:13:08 IST" skipped="0">
  <testcase classname="dataProvider.FetchDataFromDataProvider" name="fetchDataFromDataProvider" time="0.001"/>
  <system-out/>
  <testcase classname="dataProvider.FetchDataFromDataProvider" name="fetchDataFromDataProvider" time="0.001"/>
  <system-out/>
  <testcase classname="dataProvider.FetchDataFromDataProvider" name="fetchDataFromDataProvider" time="0.002"/>
  <system-out/>
  <testcase classname="dataProvider.FetchDataFromDataProvider" name="fetchDataFromDataProvider" time="0.001"/>
  <system-out/>
  <testcase classname="dataProvider.FetchDataFromDataProvider" name="fetchDataFromDataProvider" time="0.001"/>
  <system-out/>
  <testcase classname="dataProvider.FetchDataFromDataProvider" name="fetchDataFromDataProvider" time="0.000"/>
  <system-out/>
  <testcase classname="dataProvider.FetchDataFromDataProvider" name="fetchDataFromDataProvider" time="0.000"/>
  <system-out/>
  <testcase classname="dataProvider.FetchDataFromDataProvider" name="fetchDataFromDataProvider" time="0.001"/>
  <system-out/>
  <testcase classname="dataProvider.FetchDataFromDataProvider" name="fetchDataFromDataProvider" time="0.001"/>
  <system-out/>
  <testcase classname="dataProvider.FetchDataFromDataProvider" name="fetchDataFromDataProvider" time="0.001"/>
  <system-out/>
  <testcase classname="dataProvider.FetchDataFromDataProvider" name="fetchDataFromDataProvider" time="0.002"/>
  <system-out/>
  <testcase classname="dataProvider.FetchDataFromDataProvider" name="fetchDataFromDataProvider" time="0.002"/>
  <system-out/>
  <testcase classname="dataProvider.FetchDataFromDataProvider" name="fetchDataFromDataProvider" time="0.002"/>
  <system-out/>
  <testcase classname="dataProvider.FetchDataFromDataProvider" name="fetchDataFromDataProvider" time="0.002"/>
  <system-out/>
  <testcase classname="dataProvider.FetchDataFromDataProvider" name="fetchDataFromDataProvider" time="0.001"/>
  <system-out/>
  <testcase classname="dataProvider.FetchDataFromDataProvider" name="fetchDataFromDataProvider" time="0.001"/>
  <system-out/>
  <testcase classname="dataProvider.FetchDataFromDataProvider" name="fetchDataFromDataProvider" time="0.001"/>
  <system-out/>
  <testcase classname="dataProvider.FetchDataFromDataProvider" name="fetchDataFromDataProvider" time="0.001"/>
  <system-out/>
  <testcase classname="dataProvider.FetchDataFromDataProvider" name="fetchDataFromDataProvider" time="0.001"/>
  <system-out/>
  <testcase classname="dataProvider.FetchDataFromDataProvider" name="fetchDataFromDataProvider" time="0.002"/>
  <system-out/>
  <testcase classname="dataProvider.FetchDataFromDataProvider" name="fetchDataFromDataProvider" time="0.000"/>
  <system-out/>
  <testcase classname="dataProvider.FetchDataFromDataProvider" name="fetchDataFromDataProvider" time="0.000"/>
  <system-out/>
  <testcase classname="dataProvider.FetchDataFromDataProvider" name="fetchDataFromDataProvider" time="0.001"/>
  <system-out/>
  <testcase classname="dataProvider.FetchDataFromDataProvider" name="fetchDataFromDataProvider" time="0.001"/>
  <system-out/>
  <testcase classname="dataProvider.FetchDataFromDataProvider" name="fetchDataFromDataProvider" time="0.001"/>
  <system-out/>
  <testcase classname="dataProvider.FetchDataFromDataProvider" name="fetchDataFromDataProvider" time="0.000"/>
  <system-out/>
  <testcase classname="dataProvider.FetchDataFromDataProvider" name="fetchDataFromDataProvider" time="0.000"/>
  <system-out/>
  <testcase classname="dataProvider.FetchDataFromDataProvider" name="fetchDataFromDataProvider" time="0.002"/>
  <system-out/>
  <testcase classname="dataProvider.FetchDataFromDataProvider" name="fetchDataFromDataProvider" time="0.001"/>
  <system-out/>
  <testcase classname="dataProvider.FetchDataFromDataProvider" name="fetchDataFromDataProvider" time="0.001"/>
  <system-out/>
  <testcase classname="dataProvider.FetchDataFromDataProvider" name="fetchDataFromDataProvider" time="0.000"/>
  <system-out/>
  <testcase classname="dataProvider.FetchDataFromDataProvider" name="fetchDataFromDataProvider" time="0.000"/>
  <system-out/>
  <testcase classname="dataProvider.FetchDataFromDataProvider" name="fetchDataFromDataProvider" time="0.001"/>
  <system-out/>
  <testcase classname="dataProvider.FetchDataFromDataProvider" name="fetchDataFromDataProvider" time="0.001"/>
  <system-out/>
  <testcase classname="dataProvider.FetchDataFromDataProvider" name="fetchDataFromDataProvider" time="0.008"/>
  <system-out/>
  <testcase classname="dataProvider.FetchDataFromDataProvider" name="fetchDataFromDataProvider" time="0.001"/>
  <system-out/>
  <testcase classname="dataProvider.FetchDataFromDataProvider" name="fetchDataFromDataProvider" time="0.001"/>
  <system-out/>
  <testcase classname="dataProvider.FetchDataFromDataProvider" name="fetchDataFromDataProvider" time="0.001"/>
  <system-out/>
  <testcase classname="dataProvider.FetchDataFromDataProvider" name="fetchDataFromDataProvider" time="0.001"/>
  <system-out/>
  <testcase classname="dataProvider.FetchDataFromDataProvider" name="fetchDataFromDataProvider" time="0.000"/>
  <system-out/>
  <testcase classname="dataProvider.FetchDataFromDataProvider" name="fetchDataFromDataProvider" time="0.000"/>
  <system-out/>
  <testcase classname="dataProvider.FetchDataFromDataProvider" name="fetchDataFromDataProvider" time="0.003"/>
  <system-out/>
  <testcase classname="dataProvider.FetchDataFromDataProvider" name="fetchDataFromDataProvider" time="0.000"/>
  <system-out/>
  <testcase classname="dataProvider.FetchDataFromDataProvider" name="fetchDataFromDataProvider" time="0.001"/>
  <system-out/>
  <testcase classname="dataProvider.FetchDataFromDataProvider" name="fetchDataFromDataProvider" time="0.005"/>
  <system-out/>
  <testcase classname="dataProvider.FetchDataFromDataProvider" name="fetchDataFromDataProvider" time="0.001"/>
  <system-out/>
  <testcase classname="dataProvider.FetchDataFromDataProvider" name="fetchDataFromDataProvider" time="0.002"/>
  <system-out/>
  <testcase classname="dataProvider.FetchDataFromDataProvider" name="fetchDataFromDataProvider" time="0.001"/>
  <system-out/>
  <testcase classname="dataProvider.FetchDataFromDataProvider" name="fetchDataFromDataProvider" time="0.004"/>
  <system-out/>
  <testcase classname="dataProvider.FetchDataFromDataProvider" name="fetchDataFromDataProvider" time="0.002"/>
  <system-out/>
  <testcase classname="dataProvider.FetchDataFromDataProvider" name="fetchDataFromDataProvider" time="0.001"/>
  <system-out/>
  <testcase classname="dataProvider.FetchDataFromDataProvider" name="fetchDataFromDataProvider" time="0.002"/>
  <system-out/>
  <testcase classname="dataProvider.FetchDataFromDataProvider" name="fetchDataFromDataProvider" time="0.001"/>
  <system-out/>
  <testcase classname="dataProvider.FetchDataFromDataProvider" name="fetchDataFromDataProvider" time="0.000"/>
  <system-out/>
  <testcase classname="dataProvider.FetchDataFromDataProvider" name="fetchDataFromDataProvider" time="0.001"/>
  <system-out/>
  <testcase classname="dataProvider.FetchDataFromDataProvider" name="fetchDataFromDataProvider" time="0.001"/>
  <system-out/>
  <testcase classname="dataProvider.FetchDataFromDataProvider" name="fetchDataFromDataProvider" time="0.000"/>
  <system-out/>
  <testcase classname="dataProvider.FetchDataFromDataProvider" name="fetchDataFromDataProvider" time="0.000"/>
  <system-out/>
  <testcase classname="dataProvider.FetchDataFromDataProvider" name="fetchDataFromDataProvider" time="0.000"/>
  <system-out/>
  <testcase classname="dataProvider.FetchDataFromDataProvider" name="fetchDataFromDataProvider" time="0.001"/>
  <system-out/>
  <testcase classname="dataProvider.FetchDataFromDataProvider" name="fetchDataFromDataProvider" time="0.001"/>
  <system-out/>
  <testcase classname="dataProvider.FetchDataFromDataProvider" name="fetchDataFromDataProvider" time="0.009"/>
  <system-out/>
  <testcase classname="dataProvider.FetchDataFromDataProvider" name="fetchDataFromDataProvider" time="0.006"/>
  <system-out/>
  <testcase classname="dataProvider.FetchDataFromDataProvider" name="fetchDataFromDataProvider" time="0.003"/>
  <system-out/>
  <testcase classname="dataProvider.FetchDataFromDataProvider" name="fetchDataFromDataProvider" time="0.001"/>
  <system-out/>
  <testcase classname="dataProvider.FetchDataFromDataProvider" name="fetchDataFromDataProvider" time="0.001"/>
  <system-out/>
  <testcase classname="dataProvider.FetchDataFromDataProvider" name="fetchDataFromDataProvider" time="0.001"/>
  <system-out/>
  <testcase classname="dataProvider.FetchDataFromDataProvider" name="fetchDataFromDataProvider" time="0.002"/>
  <system-out/>
  <testcase classname="dataProvider.FetchDataFromDataProvider" name="fetchDataFromDataProvider" time="0.000"/>
  <system-out/>
  <testcase classname="dataProvider.FetchDataFromDataProvider" name="fetchDataFromDataProvider" time="0.000"/>
  <system-out/>
  <testcase classname="dataProvider.FetchDataFromDataProvider" name="fetchDataFromDataProvider" time="0.001"/>
  <system-out/>
  <testcase classname="dataProvider.FetchDataFromDataProvider" name="fetchDataFromDataProvider" time="0.001"/>
  <system-out/>
  <testcase classname="dataProvider.FetchDataFromDataProvider" name="fetchDataFromDataProvider" time="0.001"/>
  <system-out/>
  <testcase classname="dataProvider.FetchDataFromDataProvider" name="fetchDataFromDataProvider" time="0.003"/>
  <system-out/>
  <testcase classname="dataProvider.FetchDataFromDataProvider" name="fetchDataFromDataProvider" time="0.001"/>
  <system-out/>
  <testcase classname="dataProvider.FetchDataFromDataProvider" name="fetchDataFromDataProvider" time="0.001"/>
  <system-out/>
  <testcase classname="dataProvider.FetchDataFromDataProvider" name="fetchDataFromDataProvider" time="0.000"/>
  <system-out/>
  <testcase classname="dataProvider.FetchDataFromDataProvider" name="fetchDataFromDataProvider" time="0.001"/>
  <system-out/>
  <testcase classname="dataProvider.FetchDataFromDataProvider" name="fetchDataFromDataProvider" time="0.000"/>
  <system-out/>
  <testcase classname="dataProvider.FetchDataFromDataProvider" name="fetchDataFromDataProvider" time="0.002"/>
  <system-out/>
  <testcase classname="dataProvider.FetchDataFromDataProvider" name="fetchDataFromDataProvider" time="0.002"/>
  <system-out/>
  <testcase classname="dataProvider.FetchDataFromDataProvider" name="fetchDataFromDataProvider" time="0.001"/>
  <system-out/>
  <testcase classname="dataProvider.FetchDataFromDataProvider" name="fetchDataFromDataProvider" time="0.001"/>
  <system-out/>
  <testcase classname="dataProvider.FetchDataFromDataProvider" name="fetchDataFromDataProvider" time="0.001"/>
  <system-out/>
  <testcase classname="dataProvider.FetchDataFromDataProvider" name="fetchDataFromDataProvider" time="0.000"/>
  <system-out/>
  <testcase classname="dataProvider.FetchDataFromDataProvider" name="fetchDataFromDataProvider" time="0.000"/>
  <system-out/>
  <testcase classname="dataProvider.FetchDataFromDataProvider" name="fetchDataFromDataProvider" time="0.002"/>
  <system-out/>
  <testcase classname="dataProvider.FetchDataFromDataProvider" name="fetchDataFromDataProvider" time="0.001"/>
  <system-out/>
  <testcase classname="dataProvider.FetchDataFromDataProvider" name="fetchDataFromDataProvider" time="0.000"/>
  <system-out/>
  <testcase classname="dataProvider.FetchDataFromDataProvider" name="fetchDataFromDataProvider" time="0.001"/>
  <system-out/>
  <testcase classname="dataProvider.FetchDataFromDataProvider" name="fetchDataFromDataProvider" time="0.001"/>
  <system-out/>
  <testcase classname="dataProvider.FetchDataFromDataProvider" name="fetchDataFromDataProvider" time="0.001"/>
  <system-out/>
  <testcase classname="dataProvider.FetchDataFromDataProvider" name="fetchDataFromDataProvider" time="0.002"/>
  <system-out/>
  <testcase classname="dataProvider.FetchDataFromDataProvider" name="fetchDataFromDataProvider" time="0.001"/>
  <system-out/>
  <testcase classname="dataProvider.FetchDataFromDataProvider" name="fetchDataFromDataProvider" time="0.000"/>
  <system-out/>
  <testcase classname="dataProvider.FetchDataFromDataProvider" name="fetchDataFromDataProvider" time="0.005"/>
  <system-out/>
  <testcase classname="dataProvider.FetchDataFromDataProvider" name="fetchDataFromDataProvider" time="0.000"/>
  <system-out/>
  <testcase classname="dataProvider.FetchDataFromDataProvider" name="fetchDataFromDataProvider" time="0.001"/>
  <system-out/>
  <testcase classname="dataProvider.FetchDataFromDataProvider" name="fetchDataFromDataProvider" time="0.001"/>
  <system-out/>
  <testcase classname="dataProvider.FetchDataFromDataProvider" name="fetchDataFromDataProvider" time="0.002"/>
  <system-out/>
</testsuite> <!-- dataProvider.FetchDataFromDataProvider -->
