<?xml version="1.0" encoding="UTF-8"?>
<!-- Generated by org.testng.reporters.JUnitReportReporter -->
<testsuite hostname="hp" failures="0" tests="1" name="Authentication.BasicAuth" time="0.006" errors="0" timestamp="2023-08-11T10:49:29 IST" skipped="0">
  <testcase classname="Authentication.BasicAuth" name="t" time="0.006"/>
  <system-out/>
</testsuite> <!-- Authentication.BasicAuth -->
