<?xml version="1.0" encoding="UTF-8"?>
<!-- Generated by org.testng.reporters.JUnitReportReporter -->
<testsuite hostname="hp" failures="0" tests="4" name="dataProvider.CreateProjectUsingDataProvider" time="2.445" errors="0" timestamp="2023-08-08T11:36:37 IST" skipped="0">
  <testcase classname="dataProvider.CreateProjectUsingDataProvider" name="createProjectUsingDataProvider" time="0.185"/>
  <system-out/>
  <testcase classname="dataProvider.CreateProjectUsingDataProvider" name="createProjectUsingDataProvider" time="0.203"/>
  <system-out/>
  <testcase classname="dataProvider.CreateProjectUsingDataProvider" name="createProjectUsingDataProvider" time="0.181"/>
  <system-out/>
  <testcase classname="dataProvider.CreateProjectUsingDataProvider" name="createProjectUsingDataProvider" time="1.876"/>
  <system-out/>
</testsuite> <!-- dataProvider.CreateProjectUsingDataProvider -->
