<?xml version="1.0" encoding="UTF-8"?>
<!-- Generated by org.testng.reporters.JUnitReportReporter -->
<testsuite hostname="hp" failures="0" tests="1" name="crudWithBDDReqers.CrudProjectReqres" time="2.436" errors="0" timestamp="2024-09-09T14:29:10 IST" skipped="0">
  <testcase classname="crudWithBDDReqers.CrudProjectReqres" name="getSingleProject" time="2.436"/>
  <system-out/>
</testsuite> <!-- crudWithBDDReqers.CrudProjectReqres -->
