<?xml version="1.0" encoding="UTF-8"?>
<!-- Generated by org.testng.reporters.JUnitReportReporter -->
<testsuite hostname="hp" failures="0" tests="1" name="RMGYANTRA.CreateProject" time="2.893" errors="0" timestamp="2023-08-11T16:11:27 IST" skipped="0">
  <testcase classname="RMGYANTRA.CreateProject" name="createProjectAndValidateInDB" time="2.893"/>
  <system-out/>
</testsuite> <!-- RMGYANTRA.CreateProject -->
