<?xml version="1.0" encoding="UTF-8"?>
<!-- Generated by org.testng.reporters.JUnitReportReporter -->
<testsuite hostname="hp" failures="0" tests="1" name="crudWithBDDRMG.CrudProject" time="1.953" errors="0" timestamp="2023-08-09T16:32:15 IST" skipped="0">
  <testcase classname="crudWithBDDRMG.CrudProject" name="updateProject" time="1.953"/>
  <system-out/>
</testsuite> <!-- crudWithBDDRMG.CrudProject -->
