<?xml version="1.0" encoding="UTF-8"?>
<!-- Generated by org.testng.reporters.JUnitReportReporter -->
<testsuite hostname="hp" failures="0" tests="1" name="aaaaa.Example" time="0.008" errors="0" timestamp="2023-09-25T11:49:23 IST" skipped="0">
  <testcase classname="aaaaa.Example" name="ArrayToString" time="0.008"/>
  <system-out/>
</testsuite> <!-- aaaaa.Example -->
