<?xml version="1.0" encoding="UTF-8"?>
<!-- Generated by org.testng.reporters.JUnitReportReporter -->
<testsuite hostname="hp" failures="0" tests="1" name="assignment.WriteTheScriptFor1000LoginScenario" time="12.838" errors="0" timestamp="2023-09-18T23:22:29 IST" skipped="0">
  <testcase classname="assignment.WriteTheScriptFor1000LoginScenario" name="clearUsingActionClass" time="12.838"/>
  <system-out/>
</testsuite> <!-- assignment.WriteTheScriptFor1000LoginScenario -->
