<?xml version="1.0" encoding="UTF-8"?>
<!-- Generated by org.testng.reporters.JUnitReportReporter -->
<testsuite hostname="hp" failures="0" tests="1" name="schema.SchemaValidation" time="5.548" errors="0" timestamp="2023-08-09T15:07:42 IST" skipped="0">
  <testcase classname="schema.SchemaValidation" name="scemaValidationRMG" time="5.548"/>
  <system-out/>
</testsuite> <!-- schema.SchemaValidation -->
