<?xml version="1.0" encoding="UTF-8"?>
<!-- Generated by org.testng.reporters.JUnitReportReporter -->
<testsuite hostname="hp" failures="0" tests="1" name="InterViewQuestion.HideSencitiveDataOutOfLog" time="1.708" errors="0" timestamp="2023-08-21T12:47:05 IST" skipped="0">
  <testcase classname="InterViewQuestion.HideSencitiveDataOutOfLog" name="method" time="1.708"/>
  <system-out/>
</testsuite> <!-- InterViewQuestion.HideSencitiveDataOutOfLog -->
