<?xml version="1.0" encoding="UTF-8"?>
<!-- Generated by org.testng.reporters.JUnitReportReporter -->
<testsuite hostname="hp" failures="0" tests="50" name="dataProvider.CreateProjectUsingDataProvider2" time="29.988" errors="0" timestamp="2023-08-11T16:56:59 IST" skipped="0">
  <testcase classname="dataProvider.CreateProjectUsingDataProvider2" name="getData" time="0.472"/>
  <system-out/>
  <testcase classname="dataProvider.CreateProjectUsingDataProvider2" name="getData" time="2.426"/>
  <system-out/>
  <testcase classname="dataProvider.CreateProjectUsingDataProvider2" name="getData" time="0.611"/>
  <system-out/>
  <testcase classname="dataProvider.CreateProjectUsingDataProvider2" name="getData" time="0.714"/>
  <system-out/>
  <testcase classname="dataProvider.CreateProjectUsingDataProvider2" name="getData" time="0.612"/>
  <system-out/>
  <testcase classname="dataProvider.CreateProjectUsingDataProvider2" name="getData" time="0.617"/>
  <system-out/>
  <testcase classname="dataProvider.CreateProjectUsingDataProvider2" name="getData" time="0.554"/>
  <system-out/>
  <testcase classname="dataProvider.CreateProjectUsingDataProvider2" name="getData" time="0.482"/>
  <system-out/>
  <testcase classname="dataProvider.CreateProjectUsingDataProvider2" name="getData" time="0.612"/>
  <system-out/>
  <testcase classname="dataProvider.CreateProjectUsingDataProvider2" name="getData" time="0.458"/>
  <system-out/>
  <testcase classname="dataProvider.CreateProjectUsingDataProvider2" name="getData" time="0.554"/>
  <system-out/>
  <testcase classname="dataProvider.CreateProjectUsingDataProvider2" name="getData" time="0.540"/>
  <system-out/>
  <testcase classname="dataProvider.CreateProjectUsingDataProvider2" name="getData" time="0.544"/>
  <system-out/>
  <testcase classname="dataProvider.CreateProjectUsingDataProvider2" name="getData" time="0.611"/>
  <system-out/>
  <testcase classname="dataProvider.CreateProjectUsingDataProvider2" name="getData" time="0.558"/>
  <system-out/>
  <testcase classname="dataProvider.CreateProjectUsingDataProvider2" name="getData" time="0.496"/>
  <system-out/>
  <testcase classname="dataProvider.CreateProjectUsingDataProvider2" name="getData" time="0.606"/>
  <system-out/>
  <testcase classname="dataProvider.CreateProjectUsingDataProvider2" name="getData" time="0.469"/>
  <system-out/>
  <testcase classname="dataProvider.CreateProjectUsingDataProvider2" name="getData" time="0.615"/>
  <system-out/>
  <testcase classname="dataProvider.CreateProjectUsingDataProvider2" name="getData" time="0.716"/>
  <system-out/>
  <testcase classname="dataProvider.CreateProjectUsingDataProvider2" name="getData" time="0.476"/>
  <system-out/>
  <testcase classname="dataProvider.CreateProjectUsingDataProvider2" name="getData" time="0.571"/>
  <system-out/>
  <testcase classname="dataProvider.CreateProjectUsingDataProvider2" name="getData" time="0.531"/>
  <system-out/>
  <testcase classname="dataProvider.CreateProjectUsingDataProvider2" name="getData" time="0.509"/>
  <system-out/>
  <testcase classname="dataProvider.CreateProjectUsingDataProvider2" name="getData" time="0.463"/>
  <system-out/>
  <testcase classname="dataProvider.CreateProjectUsingDataProvider2" name="getData" time="0.606"/>
  <system-out/>
  <testcase classname="dataProvider.CreateProjectUsingDataProvider2" name="getData" time="0.609"/>
  <system-out/>
  <testcase classname="dataProvider.CreateProjectUsingDataProvider2" name="getData" time="0.613"/>
  <system-out/>
  <testcase classname="dataProvider.CreateProjectUsingDataProvider2" name="getData" time="0.615"/>
  <system-out/>
  <testcase classname="dataProvider.CreateProjectUsingDataProvider2" name="getData" time="0.511"/>
  <system-out/>
  <testcase classname="dataProvider.CreateProjectUsingDataProvider2" name="getData" time="0.540"/>
  <system-out/>
  <testcase classname="dataProvider.CreateProjectUsingDataProvider2" name="getData" time="0.611"/>
  <system-out/>
  <testcase classname="dataProvider.CreateProjectUsingDataProvider2" name="getData" time="0.478"/>
  <system-out/>
  <testcase classname="dataProvider.CreateProjectUsingDataProvider2" name="getData" time="0.612"/>
  <system-out/>
  <testcase classname="dataProvider.CreateProjectUsingDataProvider2" name="getData" time="0.554"/>
  <system-out/>
  <testcase classname="dataProvider.CreateProjectUsingDataProvider2" name="getData" time="0.467"/>
  <system-out/>
  <testcase classname="dataProvider.CreateProjectUsingDataProvider2" name="getData" time="0.468"/>
  <system-out/>
  <testcase classname="dataProvider.CreateProjectUsingDataProvider2" name="getData" time="0.614"/>
  <system-out/>
  <testcase classname="dataProvider.CreateProjectUsingDataProvider2" name="getData" time="0.609"/>
  <system-out/>
  <testcase classname="dataProvider.CreateProjectUsingDataProvider2" name="getData" time="0.479"/>
  <system-out/>
  <testcase classname="dataProvider.CreateProjectUsingDataProvider2" name="getData" time="0.617"/>
  <system-out/>
  <testcase classname="dataProvider.CreateProjectUsingDataProvider2" name="getData" time="0.611"/>
  <system-out/>
  <testcase classname="dataProvider.CreateProjectUsingDataProvider2" name="getData" time="0.615"/>
  <system-out/>
  <testcase classname="dataProvider.CreateProjectUsingDataProvider2" name="getData" time="0.564"/>
  <system-out/>
  <testcase classname="dataProvider.CreateProjectUsingDataProvider2" name="getData" time="0.589"/>
  <system-out/>
  <testcase classname="dataProvider.CreateProjectUsingDataProvider2" name="getData" time="0.619"/>
  <system-out/>
  <testcase classname="dataProvider.CreateProjectUsingDataProvider2" name="getData" time="0.520"/>
  <system-out/>
  <testcase classname="dataProvider.CreateProjectUsingDataProvider2" name="getData" time="0.613"/>
  <system-out/>
  <testcase classname="dataProvider.CreateProjectUsingDataProvider2" name="getData" time="0.470"/>
  <system-out/>
  <testcase classname="dataProvider.CreateProjectUsingDataProvider2" name="getData" time="0.567"/>
  <system-out/>
</testsuite> <!-- dataProvider.CreateProjectUsingDataProvider2 -->
