<?xml version="1.0" encoding="UTF-8"?>
<!-- Generated by org.testng.reporters.JUnitReportReporter -->
<testsuite hostname="hp" failures="0" tests="1" name="Authentication.BearerToken" time="3.302" errors="0" timestamp="2023-08-08T15:56:05 IST" skipped="0">
  <testcase classname="Authentication.BearerToken" name="gitHub" time="3.302"/>
  <system-out/>
</testsuite> <!-- Authentication.BearerToken -->
