<?xml version="1.0" encoding="UTF-8"?>
<!-- Generated by org.testng.reporters.JUnitReportReporter -->
<testsuite hostname="hp" failures="0" tests="1" name="ResponseValidation.DynamicResPonse" time="6.413" errors="0" timestamp="2023-09-08T11:36:50 IST" skipped="0">
  <testcase classname="ResponseValidation.DynamicResPonse" name="switchToMultipleTab" time="6.413"/>
  <system-out/>
</testsuite> <!-- ResponseValidation.DynamicResPonse -->
