<?xml version="1.0" encoding="UTF-8"?>
<!-- Generated by org.testng.reporters.JUnitReportReporter -->
<testsuite hostname="hp" failures="0" tests="1" name="InterViewQuestion.WriteResponseInJson" time="2.625" errors="0" timestamp="2023-08-21T11:36:10 IST" skipped="0">
  <testcase classname="InterViewQuestion.WriteResponseInJson" name="method1" time="2.625"/>
  <system-out/>
</testsuite> <!-- InterViewQuestion.WriteResponseInJson -->
