<?xml version="1.0" encoding="UTF-8"?>
<!-- Generated by org.testng.reporters.JUnitReportReporter -->
<testsuite hostname="hp" failures="0" tests="1" name="serializationAndDeserialization.DeSerialization" time="0.199" errors="0" timestamp="2023-08-10T12:37:46 IST" skipped="0">
  <testcase classname="serializationAndDeserialization.DeSerialization" name="objectInSideObject" time="0.199"/>
  <system-out/>
</testsuite> <!-- serializationAndDeserialization.DeSerialization -->
